
Circuit 1 cell pfet_03v3 and Circuit 2 cell pfet_03v3 are black boxes.
Equate elements:  no current cell.
Device classes pfet_03v3 and pfet_03v3 are equivalent.

Circuit 1 cell nfet_03v3 and Circuit 2 cell nfet_03v3 are black boxes.
Equate elements:  no current cell.
Device classes nfet_03v3 and nfet_03v3 are equivalent.

Class AND_3_2X_layout.spice (0):  Merged 2 parallel devices.
Subcircuit summary:
Circuit 1: AND_3_2X_layout.spice           |Circuit 2: and3_2X_schematic.spice         
-------------------------------------------|-------------------------------------------
pfet_03v3 (5->4)                           |pfet_03v3 (5->4)                           
nfet_03v3 (5->4)                           |nfet_03v3 (5->4)                           
Number of devices: 8                       |Number of devices: 8                       
Number of nets: 9                          |Number of nets: 9                          
---------------------------------------------------------------------------------------
Netlists match uniquely with property errors.
nfet_03v3:1 vs. nfet_03v3:M8:
 l circuit1: 60   circuit2: 3e-07   (delta=200%, cutoff=1%)
 w circuit1: 170   circuit2: 8.5e-07   (delta=200%, cutoff=1%)
nfet_03v3:6 vs. nfet_03v3:M7:
 l circuit1: 60   circuit2: 3e-07   (delta=200%, cutoff=1%)
 w circuit1: 170   circuit2: 8.5e-07   (delta=200%, cutoff=1%)
nfet_03v3:3 vs. nfet_03v3:M9:
 l circuit1: 60   circuit2: 3e-07   (delta=200%, cutoff=1%)
 w circuit1: 170   circuit2: 8.5e-07   (delta=200%, cutoff=1%)
nfet_03v3:5 vs. nfet_03v3:M10:
 l circuit1: 60   circuit2: 3e-07   (delta=200%, cutoff=1%)
 w circuit1: 170   circuit2: 8.5e-07   (delta=200%, cutoff=1%)
pfet_03v3:9 vs. pfet_03v3:M1:
 l circuit1: 60   circuit2: 3e-07   (delta=200%, cutoff=1%)
 w circuit1: 340   circuit2: 1.7e-06   (delta=200%, cutoff=1%)
pfet_03v3:4 vs. pfet_03v3:M5:
 l circuit1: 60   circuit2: 3e-07   (delta=200%, cutoff=1%)
 w circuit1: 340   circuit2: 1.7e-06   (delta=200%, cutoff=1%)
pfet_03v3:2 vs. pfet_03v3:M3:
 l circuit1: 60   circuit2: 3e-07   (delta=200%, cutoff=1%)
 w circuit1: 340   circuit2: 1.7e-06   (delta=200%, cutoff=1%)
pfet_03v3:0 vs. pfet_03v3:M6:
 l circuit1: 60   circuit2: 3e-07   (delta=200%, cutoff=1%)
 w circuit1: 340   circuit2: 1.7e-06   (delta=200%, cutoff=1%)
Cells have no pins;  pin matching not needed.
Device classes AND_3_2X_layout.spice and and3_2X_schematic.spice are equivalent.

Final result: Circuits match uniquely.
Property errors were found.

The following cells had property errors:
 AND_3_2X_layout.spice
